<?xml version="1.0" encoding="UTF-8"?>
<testsuite xmlns:xsi="http://www.w3.org/2001/XMLSchema-instance" xsi:noNamespaceSchemaLocation="https://maven.apache.org/surefire/maven-surefire-plugin/xsd/surefire-test-report-3.0.xsd" version="3.0" name="com.runner.runner" time="59.557" tests="1" errors="0" skipped="0" failures="0">
  <properties>
[...]
</properties>
  <testcase name="Successful login with valid credentials #1" classname="Login functionality" time="58.865">
    <system-out><![CDATA[
@sanity
Scenario: Successful login with valid credentials                             # Features/login.feature:4
-------chrome=============
====setup1 sanity  method executed=====
[INFO ] 2023-06-08 16:32:41.057 [main] stepdef - ===Setup1_Executed====
[INFO ] 2023-06-08 16:32:41.096 [main] stepdef - chrome browser launched
  Given user launch the chrome browser                                        # com.stepdef.stepdef.user_launch_the_chrome_browser()
[INFO ] 2023-06-08 16:32:43.962 [main] stepdef - url opened
  When user opens the url "https://admin-demo.nopcommerce.com/login"          # com.stepdef.stepdef.user_opens_the_url(java.lang.String)
[INFO ] 2023-06-08 16:32:49.673 [main] stepdef - email and password entered
  Then user enters the email as "admin@yourstore.com" and password as "admin" # com.stepdef.stepdef.user_enters_the_email_as_and_password_as(java.lang.String,java.lang.String)
[INFO ] 2023-06-08 16:33:12.445 [main] stepdef - Login button clicked 
  And click on login                                                          # com.stepdef.stepdef.click_on_login()
Actual title is -------Dashboard / nopCommerce administration
[INFO ] 2023-06-08 16:33:22.246 [main] stepdef - page title is verified
  Then page title should be "Dashboard / nopCommerce administration"          # com.stepdef.stepdef.page_title_should_be(java.lang.String)
  When user clicks on log out link                                            # com.stepdef.stepdef.user_clicks_on_log_out_link()
Actual title is -------Your store. Login
[INFO ] 2023-06-08 16:33:30.743 [main] stepdef - page title is verified
  Then page title should be "Your store. Login"                               # com.stepdef.stepdef.page_title_should_be(java.lang.String)
  And user close the browser                                                  # com.stepdef.stepdef.user_close_the_browser()
======TearDown method executed=====
]]></system-out>
    <system-err><![CDATA[Starting ChromeDriver 113.0.5672.63 (0e1a4471d5ae5bf128b1bd8f4d627c8cbd55f70c-refs/branch-heads/5672@{#912}) on port 26961
Only local connections are allowed.
Please see https://chromedriver.chromium.org/security-considerations for suggestions on keeping ChromeDriver safe.
ChromeDriver was started successfully.
[1686238360.216][WARNING]: This version of ChromeDriver has not been tested with Chrome version 114.
Jun 08, 2023 4:32:40 PM org.openqa.selenium.remote.ProtocolHandshake createSession
INFO: Detected dialect: W3C
]]></system-err>
  </testcase>
</testsuite>